#
# There is insufficient memory for the Java Runtime Environment to continue.
# Native memory allocation (malloc) failed to allocate 4092 bytes for AllocateHeap
# Possible reasons:
#   The system is out of physical RAM or swap space
#   In 32 bit mode, the process size limit was hit
# Possible solutions:
#   Reduce memory load on the system
#   Increase physical memory or swap space
#   Check if swap backing store is full
#   Use 64 bit Java on a 64 bit OS
#   Decrease Java heap size (-Xmx/-Xms)
#   Decrease number of Java threads
#   Decrease Java thread stack sizes (-Xss)
#   Set larger code cache with -XX:ReservedCodeCacheSize=
# This output file may be truncated or incomplete.
#
#  Out of Memory Error (memory/allocation.inline.hpp:61), pid=8264, tid=0x000029d4
#
# JRE version: Java(TM) SE Runtime Environment (8.0_144-b01) (build 1.8.0_144-b01)
# Java VM: Java HotSpot(TM) Client VM (25.144-b01 mixed mode windows-x86 )
# Failed to write core dump. Minidumps are not enabled by default on client versions of Windows
#

---------------  T H R E A D  ---------------

Current thread (0x01e1c800):  VMThread [stack: 0x03fb0000,0x04000000] [id=10708]

Stack: [0x03fb0000,0x04000000],  sp=0x03fff280,  free space=316k
Native frames: (J=compiled Java code, j=interpreted, Vv=VM code, C=native code)
V  [jvm.dll+0x1aa78b]
V  [jvm.dll+0x1a2fd8]
V  [jvm.dll+0x94cad]
V  [jvm.dll+0xbb2ef]
V  [jvm.dll+0xbe36b]
V  [jvm.dll+0xd3918]
V  [jvm.dll+0xd3a8d]
V  [jvm.dll+0x1b5d21]
V  [jvm.dll+0x1b5f1c]
V  [jvm.dll+0x17aae3]
V  [jvm.dll+0x17961a]
V  [jvm.dll+0x987c0]
V  [jvm.dll+0x99ab1]
V  [jvm.dll+0x9b860]
V  [jvm.dll+0x9bcc9]
V  [jvm.dll+0x9aa7f]
V  [jvm.dll+0xa6d22]
V  [jvm.dll+0x99683]
V  [jvm.dll+0x936b5]
V  [jvm.dll+0x1b9146]
V  [jvm.dll+0x1834eb]
V  [jvm.dll+0x1828f1]
V  [jvm.dll+0x182d07]
V  [jvm.dll+0x182f02]
V  [jvm.dll+0x1c2ec6]
C  [msvcr100.dll+0x5c556]
C  [msvcr100.dll+0x5c600]
C  [KERNEL32.DLL+0x19ba4]
C  [ntdll.dll+0x6ac9b]
C  [ntdll.dll+0x6ac6f]

VM_Operation (0x44e6eae8): GenCollectForAllocation, mode: safepoint, requested by thread 0x447f8000


---------------  P R O C E S S  ---------------

Java Threads: ( => current thread )
  0x447f8000 JavaThread "pool-2-thread-4" [_thread_blocked, id=7588, stack(0x44e20000,0x44e70000)]
  0x447e4c00 JavaThread "pool-2-thread-3" [_thread_blocked, id=540, stack(0x44dd0000,0x44e20000)]
  0x447e4000 JavaThread "pool-2-thread-2" [_thread_blocked, id=9772, stack(0x44d80000,0x44dd0000)]
  0x447e3000 JavaThread "pool-3-thread-1" [_thread_blocked, id=4520, stack(0x44d30000,0x44d80000)]
  0x447e1400 JavaThread "pool-2-thread-1" [_thread_blocked, id=896, stack(0x44ce0000,0x44d30000)]
  0x446ac800 JavaThread "Service Thread" daemon [_thread_blocked, id=6584, stack(0x44c40000,0x44c90000)]
  0x446a8400 JavaThread "C1 CompilerThread0" daemon [_thread_blocked, id=3892, stack(0x44bf0000,0x44c40000)]
  0x446a7400 JavaThread "Attach Listener" daemon [_thread_blocked, id=5252, stack(0x44ba0000,0x44bf0000)]
  0x446a6800 JavaThread "Signal Dispatcher" daemon [_thread_blocked, id=8112, stack(0x44b50000,0x44ba0000)]
  0x44685800 JavaThread "Finalizer" daemon [_thread_blocked, id=7440, stack(0x448c0000,0x44910000)]
  0x44673c00 JavaThread "Reference Handler" daemon [_thread_blocked, id=6220, stack(0x44870000,0x448c0000)]
  0x01e2bc00 JavaThread "main" [_thread_blocked, id=11656, stack(0x01010000,0x01060000)]

Other Threads:
=>0x01e1c800 VMThread [stack: 0x03fb0000,0x04000000] [id=10708]
  0x446c3400 WatcherThread [stack: 0x44c90000,0x44ce0000] [id=9452]

VM state:at safepoint (normal execution)

VM Mutex/Monitor currently owned by a thread:  ([mutex/lock_event])
[0x01e2a5e8] Threads_lock - owner thread: 0x01e1c800
[0x01e2abf0] Heap_lock - owner thread: 0x447f8000

Heap:
 def new generation   total 42368K, used 42368K [0x04000000, 0x06df0000, 0x19550000)
  eden space 37696K, 100% used [0x04000000, 0x064d0000, 0x064d0000)
  from space 4672K, 100% used [0x06960000, 0x06df0000, 0x06df0000)
  to   space 4672K, 100% used [0x064d0000, 0x06960000, 0x06960000)
 tenured generation   total 112672K, used 112624K [0x19550000, 0x20358000, 0x44000000)
   the space 112672K,  99% used [0x19550000, 0x2034c270, 0x2034c400, 0x20358000)
 Metaspace       used 3367K, capacity 3462K, committed 3520K, reserved 4480K

Card table byte_map: [0x44000000,0x44210000] byte_map_base: 0x43fe0000

Polling page: 0x00eb0000

CodeCache: size=32768Kb used=2377Kb max_used=2377Kb free=30390Kb
 bounds [0x01e50000, 0x020a8000, 0x03e50000]
 total_blobs=1071 nmethods=927 adapters=74
 compilation: enabled

Compilation events (10 events):
Event: 19.314 Thread 0x446a8400  934             java.util.TreeMap$ValueIterator::<init> (12 bytes)
Event: 19.314 Thread 0x446a8400 nmethod 934 0x020a2088 code [0x020a2180, 0x020a2250]
Event: 19.358 Thread 0x446a8400  935             com.android.dx.rop.cst.CstNat::getDescriptor (5 bytes)
Event: 19.359 Thread 0x446a8400 nmethod 935 0x020a2308 code [0x020a2400, 0x020a2480]
Event: 19.394 Thread 0x446a8400  936             com.android.dx.cf.iface.StdMember::getNat (5 bytes)
Event: 19.395 Thread 0x446a8400 nmethod 936 0x020a24c8 code [0x020a25c0, 0x020a2640]
Event: 19.653 Thread 0x446a8400  937             com.android.dx.util.MutabilityControl::<init> (10 bytes)
Event: 19.653 Thread 0x446a8400 nmethod 937 0x020a2688 code [0x020a2780, 0x020a2800]
Event: 19.773 Thread 0x446a8400  938             com.android.dx.cf.code.ExecutionStack::peekLocal (46 bytes)
Event: 19.774 Thread 0x446a8400 nmethod 938 0x020a2848 code [0x020a2960, 0x020a2b08]

GC Heap History (10 events):
Event: 17.737 GC heap after
Heap after GC invocations=35 (full 8):
 def new generation   total 42368K, used 4672K [0x04000000, 0x06df0000, 0x19550000)
  eden space 37696K,   0% used [0x04000000, 0x04000000, 0x064d0000)
  from space 4672K, 100% used [0x064d0000, 0x06960000, 0x06960000)
  to   space 4672K,   0% used [0x06960000, 0x06960000, 0x06df0000)
 tenured generation   total 93912K, used 78618K [0x19550000, 0x1f106000, 0x44000000)
   the space 93912K,  83% used [0x19550000, 0x1e216b98, 0x1e216c00, 0x1f106000)
 Metaspace       used 3367K, capacity 3462K, committed 3520K, reserved 4480K
}
Event: 17.993 GC heap before
{Heap before GC invocations=35 (full 8):
 def new generation   total 42368K, used 42368K [0x04000000, 0x06df0000, 0x19550000)
  eden space 37696K, 100% used [0x04000000, 0x064d0000, 0x064d0000)
  from space 4672K, 100% used [0x064d0000, 0x06960000, 0x06960000)
  to   space 4672K,   0% used [0x06960000, 0x06960000, 0x06df0000)
 tenured generation   total 93912K, used 78618K [0x19550000, 0x1f106000, 0x44000000)
   the space 93912K,  83% used [0x19550000, 0x1e216b98, 0x1e216c00, 0x1f106000)
 Metaspace       used 3367K, capacity 3462K, committed 3520K, reserved 4480K
Event: 18.087 GC heap after
Heap after GC invocations=36 (full 8):
 def new generation   total 42368K, used 4671K [0x04000000, 0x06df0000, 0x19550000)
  eden space 37696K,   0% used [0x04000000, 0x04000000, 0x064d0000)
  from space 4672K,  99% used [0x06960000, 0x06defff8, 0x06df0000)
  to   space 4672K,   0% used [0x064d0000, 0x064d0000, 0x06960000)
 tenured generation   total 93912K, used 91356K [0x19550000, 0x1f106000, 0x44000000)
   the space 93912K,  97% used [0x19550000, 0x1ee87110, 0x1ee87200, 0x1f106000)
 Metaspace       used 3367K, capacity 3462K, committed 3520K, reserved 4480K
}
Event: 18.232 GC heap before
{Heap before GC invocations=36 (full 8):
 def new generation   total 42368K, used 42367K [0x04000000, 0x06df0000, 0x19550000)
  eden space 37696K, 100% used [0x04000000, 0x064d0000, 0x064d0000)
  from space 4672K,  99% used [0x06960000, 0x06defff8, 0x06df0000)
  to   space 4672K,   0% used [0x064d0000, 0x064d0000, 0x06960000)
 tenured generation   total 93912K, used 91356K [0x19550000, 0x1f106000, 0x44000000)
   the space 93912K,  97% used [0x19550000, 0x1ee87110, 0x1ee87200, 0x1f106000)
 Metaspace       used 3367K, capacity 3462K, committed 3520K, reserved 4480K
Event: 18.905 GC heap after
Heap after GC invocations=37 (full 9):
 def new generation   total 42368K, used 0K [0x04000000, 0x06df0000, 0x19550000)
  eden space 37696K,   0% used [0x04000000, 0x04000000, 0x064d0000)
  from space 4672K,   0% used [0x064d0000, 0x064d0000, 0x06960000)
  to   space 4672K,   0% used [0x06960000, 0x06960000, 0x06df0000)
 tenured generation   total 106072K, used 75465K [0x19550000, 0x1fce6000, 0x44000000)
   the space 106072K,  71% used [0x19550000, 0x1df02518, 0x1df02600, 0x1fce6000)
 Metaspace       used 3367K, capacity 3462K, committed 3520K, reserved 4480K
}
Event: 19.180 GC heap before
{Heap before GC invocations=37 (full 9):
 def new generation   total 42368K, used 37696K [0x04000000, 0x06df0000, 0x19550000)
  eden space 37696K, 100% used [0x04000000, 0x064d0000, 0x064d0000)
  from space 4672K,   0% used [0x064d0000, 0x064d0000, 0x06960000)
  to   space 4672K,   0% used [0x06960000, 0x06960000, 0x06df0000)
 tenured generation   total 106072K, used 75465K [0x19550000, 0x1fce6000, 0x44000000)
   the space 106072K,  71% used [0x19550000, 0x1df02518, 0x1df02600, 0x1fce6000)
 Metaspace       used 3367K, capacity 3462K, committed 3520K, reserved 4480K
Event: 19.273 GC heap after
Heap after GC invocations=38 (full 9):
 def new generation   total 42368K, used 4671K [0x04000000, 0x06df0000, 0x19550000)
  eden space 37696K,   0% used [0x04000000, 0x04000000, 0x064d0000)
  from space 4672K,  99% used [0x06960000, 0x06defff8, 0x06df0000)
  to   space 4672K,   0% used [0x064d0000, 0x064d0000, 0x06960000)
 tenured generation   total 106072K, used 86605K [0x19550000, 0x1fce6000, 0x44000000)
   the space 106072K,  81% used [0x19550000, 0x1e9e3760, 0x1e9e3800, 0x1fce6000)
 Metaspace       used 3367K, capacity 3462K, committed 3520K, reserved 4480K
}
Event: 19.443 GC heap before
{Heap before GC invocations=38 (full 9):
 def new generation   total 42368K, used 42367K [0x04000000, 0x06df0000, 0x19550000)
  eden space 37696K, 100% used [0x04000000, 0x064d0000, 0x064d0000)
  from space 4672K,  99% used [0x06960000, 0x06defff8, 0x06df0000)
  to   space 4672K,   0% used [0x064d0000, 0x064d0000, 0x06960000)
 tenured generation   total 106072K, used 86605K [0x19550000, 0x1fce6000, 0x44000000)
   the space 106072K,  81% used [0x19550000, 0x1e9e3760, 0x1e9e3800, 0x1fce6000)
 Metaspace       used 3367K, capacity 3462K, committed 3520K, reserved 4480K
Event: 19.526 GC heap after
Heap after GC invocations=39 (full 9):
 def new generation   total 42368K, used 4672K [0x04000000, 0x06df0000, 0x19550000)
  eden space 37696K,   0% used [0x04000000, 0x04000000, 0x064d0000)
  from space 4672K, 100% used [0x064d0000, 0x06960000, 0x06960000)
  to   space 4672K,   0% used [0x06960000, 0x06960000, 0x06df0000)
 tenured generation   total 106072K, used 101536K [0x19550000, 0x1fce6000, 0x44000000)
   the space 106072K,  95% used [0x19550000, 0x1f878178, 0x1f878200, 0x1fce6000)
 Metaspace       used 3367K, capacity 3462K, committed 3520K, reserved 4480K
}
Event: 19.791 GC heap before
{Heap before GC invocations=39 (full 9):
 def new generation   total 42368K, used 42368K [0x04000000, 0x06df0000, 0x19550000)
  eden space 37696K, 100% used [0x04000000, 0x064d0000, 0x064d0000)
  from space 4672K, 100% used [0x064d0000, 0x06960000, 0x06960000)
  to   space 4672K,   0% used [0x06960000, 0x06960000, 0x06df0000)
 tenured generation   total 106072K, used 101536K [0x19550000, 0x1fce6000, 0x44000000)
   the space 106072K,  95% used [0x19550000, 0x1f878178, 0x1f878200, 0x1fce6000)
 Metaspace       used 3367K, capacity 3462K, committed 3520K, reserved 4480K

Deoptimization events (0 events):
No events

Internal exceptions (2 events):
Event: 0.635 Thread 0x01e2bc00 Exception <a 'java/lang/NoSuchMethodError': Method sun.misc.Unsafe.defineClass(Ljava/lang/String;[BII)Ljava/lang/Class; name or signature does not match> (0x04006e98) thrown at [C:\workspace\8-2-build-windows-i586-cygwin\jdk8u144\9417\hotspot\src\share\vm
Event: 0.635 Thread 0x01e2bc00 Exception <a 'java/lang/NoSuchMethodError': Method sun.misc.Unsafe.prefetchRead(Ljava/lang/Object;J)V name or signature does not match> (0x04007168) thrown at [C:\workspace\8-2-build-windows-i586-cygwin\jdk8u144\9417\hotspot\src\share\vm\prims\jni.cpp, li

Events (10 events):
Event: 19.527 Executing VM operation: RevokeBias done
Event: 19.527 Executing VM operation: RevokeBias
Event: 19.527 Executing VM operation: RevokeBias done
Event: 19.527 Executing VM operation: RevokeBias
Event: 19.528 Executing VM operation: RevokeBias done
Event: 19.528 Executing VM operation: RevokeBias
Event: 19.528 Executing VM operation: RevokeBias done
Event: 19.528 Executing VM operation: RevokeBias
Event: 19.528 Executing VM operation: RevokeBias done
Event: 19.791 Executing VM operation: GenCollectForAllocation


Dynamic libraries:
0x010e0000 - 0x01113000 	C:\Program Files\Java\jdk1.8.0_144\bin\java.exe
0x776c0000 - 0x7784d000 	C:\WINDOWS\SYSTEM32\ntdll.dll
0x77420000 - 0x774b5000 	C:\WINDOWS\System32\KERNEL32.DLL
0x74c00000 - 0x74dc5000 	C:\WINDOWS\System32\KERNELBASE.dll
0x72c00000 - 0x72c93000 	C:\WINDOWS\SYSTEM32\apphelp.dll
0x770f0000 - 0x77167000 	C:\WINDOWS\System32\ADVAPI32.dll
0x775a0000 - 0x7765d000 	C:\WINDOWS\System32\msvcrt.dll
0x76eb0000 - 0x76ef1000 	C:\WINDOWS\System32\sechost.dll
0x774c0000 - 0x77587000 	C:\WINDOWS\System32\RPCRT4.dll
0x76750000 - 0x76880000 	C:\WINDOWS\System32\USER32.dll
0x74dd0000 - 0x74dea000 	C:\WINDOWS\System32\win32u.dll
0x769f0000 - 0x76a11000 	C:\WINDOWS\System32\GDI32.dll
0x74df0000 - 0x74f4d000 	C:\WINDOWS\System32\gdi32full.dll
0x74a60000 - 0x74ad9000 	C:\WINDOWS\System32\msvcp_win.dll
0x74ae0000 - 0x74bf8000 	C:\WINDOWS\System32\ucrtbase.dll
0x6a4c0000 - 0x6a6ce000 	C:\WINDOWS\WinSxS\x86_microsoft.windows.common-controls_6595b64144ccf1df_6.0.15063.0_none_583b8639f462029f\COMCTL32.dll
0x76360000 - 0x76598000 	C:\WINDOWS\System32\combase.dll
0x74a00000 - 0x74a57000 	C:\WINDOWS\System32\bcryptPrimitives.dll
0x76330000 - 0x76356000 	C:\WINDOWS\System32\IMM32.DLL
0x57970000 - 0x57a2f000 	C:\Program Files\Java\jdk1.8.0_144\jre\bin\msvcr100.dll
0x56bf0000 - 0x56fbe000 	C:\Program Files\Java\jdk1.8.0_144\jre\bin\client\jvm.dll
0x77590000 - 0x77596000 	C:\WINDOWS\System32\PSAPI.DLL
0x526c0000 - 0x526c8000 	C:\WINDOWS\SYSTEM32\WSOCK32.dll
0x77220000 - 0x77287000 	C:\WINDOWS\System32\WS2_32.dll
0x71b70000 - 0x71b94000 	C:\WINDOWS\SYSTEM32\WINMM.dll
0x70260000 - 0x70268000 	C:\WINDOWS\SYSTEM32\VERSION.dll
0x71af0000 - 0x71b13000 	C:\WINDOWS\SYSTEM32\WINMMBASE.dll
0x74fa0000 - 0x74fd9000 	C:\WINDOWS\System32\cfgmgr32.dll
0x712a0000 - 0x712ac000 	C:\Program Files\Java\jdk1.8.0_144\jre\bin\verify.dll
0x71270000 - 0x71291000 	C:\Program Files\Java\jdk1.8.0_144\jre\bin\java.dll
0x6a0b0000 - 0x6a0c3000 	C:\Program Files\Java\jdk1.8.0_144\jre\bin\zip.dll
0x74fe0000 - 0x76328000 	C:\WINDOWS\System32\SHELL32.dll
0x77390000 - 0x7741c000 	C:\WINDOWS\System32\shcore.dll
0x74470000 - 0x749f4000 	C:\WINDOWS\System32\windows.storage.dll
0x770a0000 - 0x770e5000 	C:\WINDOWS\System32\shlwapi.dll
0x74250000 - 0x7425e000 	C:\WINDOWS\System32\kernel.appcore.dll
0x741f0000 - 0x74235000 	C:\WINDOWS\System32\powrprof.dll
0x74240000 - 0x74250000 	C:\WINDOWS\System32\profapi.dll
0x67180000 - 0x672dd000 	C:\WINDOWS\SYSTEM32\dbghelp.dll

VM Arguments:
jvm_args: -Djava.awt.headless=true -Xmx1024M -Dfile.encoding=windows-1252 -Duser.country=US -Duser.language=en -Duser.variant 
java_command: com.android.dx.command.Main --dex --verbose --force-jumbo --num-threads=4 --multi-dex --output C:\Users\Bill Israel\Desktop\projs\New folder\afya\app\build\intermediates\transforms\dex\debug\folders\1000\5\slice_4 C:\Users\Bill Israel\Desktop\projs\New folder\afya\app\build\intermediates\transforms\instantRunSlicer\debug\folders\1\5\slice_4
java_class_path (initial): E:\Android\sdk\build-tools\25.0.0\lib\dx.jar
Launcher Type: SUN_STANDARD

Environment Variables:
PATH=C:\ProgramData\Oracle\Java\javapath;C:\WINDOWS\system32;C:\WINDOWS;C:\WINDOWS\System32\Wbem;C:\WINDOWS\System32\WindowsPowerShell\v1.0\;C:\Users\Bill Israel\AppData\Local\Microsoft\WindowsApps;
USERNAME=Bill Israel
OS=Windows_NT
PROCESSOR_IDENTIFIER=x86 Family 6 Model 55 Stepping 8, GenuineIntel



---------------  S Y S T E M  ---------------

OS: Windows 10.0 Build 15063 (10.0.15063.296)

CPU:total 4 (initial active 4) (4 cores per cpu, 1 threads per core) family 6 model 55 stepping 8, cmov, cx8, fxsr, mmx, sse, sse2, sse3, ssse3, sse4.1, sse4.2, popcnt, aes, clmul, erms, 3dnowpref, tsc, tscinvbit

Memory: 4k page, physical 2033992k(88056k free), swap 3198000k(340k free)

vm_info: Java HotSpot(TM) Client VM (25.144-b01) for windows-x86 JRE (1.8.0_144-b01), built on Jul 21 2017 21:58:05 by "java_re" with MS VC++ 10.0 (VS2010)

time: Thu Sep 14 00:31:54 2017
elapsed time: 20 seconds (0d 0h 0m 20s)

